[2025-08-01T18:54:47.650866] f2f4,f4f5,e2e3,e3e4,f1d3,e1f1,c2d3,e4d5,d1f3,f3d5,h2h4,f1e1,h1h3,h3d3,b2b4,a2a3,e1d1,b1c3,d1e2 (incomplete)
[2025-08-01T19:01:49.772692] e2e4,f1e2,e2f3,f3b7 (incomplete)
[2025-08-01T19:06:09.170889] f2f4,g1f3,f3g1,g2g3 (incomplete)
[2025-08-01T22:17:51.145061] e2e4,e7e6,e4e5,d8g5,c2c4,g5e5,f1e2,f8c5,d2d4,c5b4,e1f1,e5e4,d1b3,b8c6,b3b4,c6b4,f2f3,e4c2,b1d2,g8e7,g2g4,d7d6,f1g2,c8d7,g1h3,d7a4,b2b3,a4c6,g2f1,e8d7,f3f4,c6h1,f1g1,h1c6,g1f2,c6h1,g4g5,e7f5,a2a4,f5d4,a4a5,d4e2,f2e2,h1e4,h3f2,e4g2,f2g4,c2d3,e2d1,g2f3,d1e1,d3e2 (completed)
[2025-08-01T22:24:12.115322] f2f4,e7e6,g2g3,f8b4,c2c3,b4c5,c3c4,c5b4,b2b3,d8f6,c1b2,f6b2,b1c3,b8c6,g1h3,b4c5,a2a4,g8f6,g3g4,f6g4,h3g5,c5f2 (completed)
[2025-08-01T22:26:18.134878] f2f4 (incomplete)
[2025-08-01T22:31:36.291982] h2h4,e7e6,h1h3,d8f6,h3f3,f6d4,e2e3,d4g4,f1e2,g4g2,e2f1,g2g1,f3g3,g1h1,b2b3,b8c6,c1a3,f8a3,b1a3,g8f6,a3b1,f6e4,b1a3,e4g3,f2g3,e8e7,e3e4,c6d4,c2c3,d4c6,a3c2,c6e5,d2d4,h1e4,e1f2,e5f3,f1g2,b7b6,g2f3,e4f5,a2a4,c8a6,a1a3,a6d3,d1e1,d3c2,a4a5,b6a5,b3b4,a5b4,c3b4,a8b8,a3a7,b8b5,a7a4,c2a4,d4d5,b5d5,f2g1,f5f3,g1h2,d5d1,e1c3,f3e2,h2h3,e2f1,h3g4,f1f5 (completed)
[2025-08-01T22:34:23.045223] e2e4,e7e6,d2d4,d8h4,c2c3,h4e4,f1e2,e4g2 (incomplete)
[2025-08-01T22:34:30.401179] e2e3,e7e6,f1d3,d8f6,e1f1 (incomplete)
[2025-08-01T22:34:48.091032] g1f3,e7e6,e2e3,d8f6,f1d3,f8b4,h1f1,b8c6 (incomplete)
[2025-08-01T22:35:55.867328] e2e4,e7e6,f1d3,d8h4,g1f3,h4g4,e1f1,b8c6,f1g1,f8c5 (incomplete)
[2025-08-01T22:38:27.973792] e2e4,e7e6,f1d3,d8h4,g1f3,h4g4,e1g1,b8c6,c2c3,f8c5,b2b3,g8f6,d3c4,f6e4,d2d3,e4f2,f1f2,c5f2,g1f2,c6e5,b1d2,e5c4,d2c4,e8g8,h2h3,g4f5,d3d4,b7b5,c4e3,f5f4,d1g1,c8b7,g2g3,f4f3,f2e1,f3e4,g1f2,f7f5,f2c2,e4h1,e1e2,h1f3,e2d2,f3f2 (incomplete)
[2025-08-01T22:45:49.041193] e2e4,e7e6 (incomplete)
[2025-08-01T22:47:57.809681] f2f4,e7e6 (incomplete)
[2025-08-01T22:51:37.235599] f2f4,e7e6,f4f5,d8h4,g2g3,h4e4,g1f3,e4f5,f1h3,f5h3,h1g1,f8c5,g1f1,h3g2,e2e3,b8c6,d1e2,g2h3,f1g1,h3g4,h2h3,g4h3,g1g2,h3h1,e1f2,g8f6,f3e5,c6e5 (incomplete)
[2025-08-03T09:19:27.656657] f2f4,e7e6,f4f5,d8h4,g2g3,h4e4,d2d3,e4h1,f1g2,h1g1,e1d2,f8b4,c2c3,b4c3,b2c3,g1g2,c1a3,e6f5,a3b4,b8c6,a2a4,g2h2,a1a3,h2g3,d3d4,c6b4,c3b4,g3f2,a3f3,f2d4,d2e1,d4g1,e1d2,g1d4,d2c1,d4e4,f3d3,e4c4,c1d2,c4b4,d2e3,b4e4,e3d2,g8f6,d1f1,e8e7,f1f3,e4b4,d2e3,f6g4,f3g4,f5g4,e3f2,b4b1 (incomplete)
[2025-08-03T10:06:25.231591] f2f4,e7e6,e2e3,d8h4,g2g3,h4h6,f1d3,f8b4,c2c3,b4e7,a2a4,b8c6,g1f3,h6h3,h1g1,h7h5,a4a5,g8h6,g1g2,h3g2,d1e2,g2h1,e1f2,h6g4 (completed)
<<<<<<< HEAD
[2025-08-03T13:40:13.598699] e2e4,g8f6,f1e2,f6e4,f2f3,e4f6,g1h3,f6g4,e1g1,g4e5,g1h1,e5d3,c2d3,b8c6,d3d4,c6d4,f3f4,e7e5,f4e5,d8e7,d2d3,e7g5,g2g3,g5e5,d1e1,e5e4,e2f3,d4f3,f1f3,e4e1,h3g1 (incomplete)
[2025-08-03T13:43:17.731835] f2f4,e7e6,g2g3,f8b4,c2c3,b4c5,d2d4,d8f6,e2e3,b8c6,c1d2,f6g6,f1e2,c5e7,g1f3,g6g4,e1g1,g8h6,f1f2,h6f5,g1h1,g4h3,d1c2,f5g3,h1g1,c6d4,e3d4,g3e2,f2e2,h3f3,e2f2,f3h3,g1h1,e7h4,f2e2,h3f1 (completed)
[2025-08-03T13:45:26.701559] e2e4,e7e5,g1f3,b8c6 (completed)
[2025-08-03T13:48:33.821171] e2e4,e7e5,g1f3,b8c6 (completed)
[2025-08-03T13:49:19.663069] e2e4,g8f6 (incomplete)
=======
[2025-08-03T15:32:26.994605] e2e4,g8f6,e4e5,f6e4,f2f3,e4c5,c2c3,e7e6,b2b4,d8h4,g2g3,h4h6,f3f4,c5e4,f1d3,e4g3,h2g3,h6h1,d1e2,h1g1,e2f1,f8b4,f1g1,b7b6,c3b4,a7a5,a2a3,a5b4,a3b4,a8a1,c1b2,b8c6,b2a1,c6e5,a1e5,c8b7,e5c7,b7e4,d3e4,e8g8,c7b6,f8c8,e4b7,c8e8,g1c5,e6e5,f4e5,e8e5,c5e5,d7d5,e5d5,g8f8,b6c5,f8g8,b7c6,g8h8,b4b5,h8g8,b5b6,g8h8,b6b7,h8g8,g3g4,g8h8,d5f7,h7h6,c5d4,h8h7,c6e4,h7h8,e4d5,h8h7,f7g8,h7g6,b1c3,h6h5,c3e2,h5g4,e2f4,g6f5,d4e3,g4g3,e1f1,g3g2,f1g2,f5g4,d5f3,g4h4,g8g7 (completed)
[2025-08-03T16:22:20.145252] e2e4,e7e6,d2d4,d8h4,g2g3,h4e4,d1e2,f8b4,c1d2,b4d2,e1d1,e4d4,e2d2,d4b2,b1c3,b2a1,d2c1,a1c3,f1d3,c3d4,g1f3,d4f2,c1d2,f2f3,d1c1,f3h1,c1b2,h1d5,d2c3,b8c6,c3c6,b7c6,d3b5,c6b5 (incomplete)
[2025-08-03T16:32:06.049818] e2e4,e7e6,d2d3,d8h4,g2g4,f8b4,c1d2,b4e7,g1f3,h4g4,h2h3,g4h5,a2a4,e7c5,b2b3,b8c6,d3d4,c6d4,c2c3,d4f3,e1e2,f3g1,e2d3,h5d1,h1g1,c5f2,g1g2,d1f1,d3c2,f1g2,a1a2,g2e4,c2b2,f2c5,b1a3,e4d3,a3c4,d3e2,a2a1,e8d8,a1e1,e2f2,b2a1,g8f6,d2e3,f2e1,a1a2,e1e2,a2b1,e2d1,b1b2,d1e2,b2c1,c5e3,c1b1,e2d3,b1a2,d3e2,c4d2,e3d2,a2a3,d2c3,b3b4,e2b2 (completed)
[2025-08-03T16:34:07.960464] f2f4,e7e6 (incomplete)
[2025-08-03T16:37:34.232876] f2f4,e7e6,e2e3,d8h4,g2g3,h4h6,d2d4,f8b4,c2c3,b4e7,a2a4,h6g6,b2b3,g6e4,g1f3,e4c6,f1d3,h7h5,c1a3,e7a3,h2h4,a3b2,a1a2,b2c3,a2d2,c3d2 (incomplete)
[2025-08-03T17:17:42.397850] f2f3,e7e6,c2c3,d8h4 (incomplete)
[2025-08-03T17:17:48.388379] e2e3,e7e6 (incomplete)
[2025-08-03T17:18:15.215658] g2g3,e7e6,b2b3,d8f6 (incomplete)
[2025-08-03T17:20:04.644778] g2g3,e7e6,e2e3,d8g5,c2c3,g5d5,a2a3,d5h1,d1e2,h1g1,e2f3,b8c6,f3g2,g1g2,f1g2,c6e5,d2d4,e5d3,e1d2,d3f2,d2e2,f2g4,e2f3,g4h2,f3f2,f8d6,e3e4,b7b6,c1f4,h2g4,f2f3,g4h2,f3f2,h2g4,f2g1,d6f4,g3f4,c8b7,g2f3,g8f6,f3g4,f6g4,b1d2,e8e7,d2f3,b7e4,f3e5,h7h5,e5f7,e7f7 (incomplete)
[2025-08-03T17:25:22.045346] e2e4,e7e6,g1f3,d8f6,b2b3,f6a1,c1b2,a1b2 (incomplete)
[2025-08-03T17:31:25.630572] f2f4,e7e6,f4f5,d8h4,g2g3,h4e4,f1g2,e4g2,e2e3,g2h1,d1e2,h1g1,e2f1,g1h2,d2d3,h2c2,b1d2,e6f5,a1b1,d7d5,e3e4,f5e4,d3e4,b8c6,e4d5,c6d4,f1d3,c2d3 (incomplete)
[2025-08-03T17:41:00.817108] f2f4,e7e6,e2e3,d8h4 (incomplete)
[2025-08-03T18:41:30.301148] e2e4,e7e6,b1c3,d8f6 (incomplete)
[2025-08-03T18:47:18.180796] e2e3,e7e6,g2g3,d8g5,b2b3,f8b4,a2a3,b4a5,c1b2,b8c6,f1g2,c6e7,h2h4,g5c5 (incomplete)
[2025-08-03T19:02:43.149708] e2e4,e7e6,b1a3,d8h4,g2g3,h4e4,f1e2,e4h1,e2f3,h1g1,e1e2,g1h2,d1h1,h2h1,f3h1,f8b4,a3b5,e8d8,a2a3,b4c5,b2b4,c5b6,c1b2,a7a6,a3a4,a6b5,a4b5,a8a1,b2a1,f7f6,c2c4,g8e7,a1f6,g7f6 (incomplete)
[2025-08-03T19:06:15.618228] b2b3,e7e6,c1b2,d8g5,g1f3,g5f4,g2g3,f4e4 (incomplete)
[2025-08-03T19:24:16.027516] e2e4,e7e6,b1c3,d8f6,c3b5,e8d8,d2d4,f8b4,c2c3,b4a5,g2g3,g8e7,c1f4,e6e5,d4e5,f6b6,a2a4,d7d6,g1f3,c8e6,f3g5,a5c3,b2c3,d8d7,g5f7,h8f8,e5d6,d7e8,b5c7,e8f7,a1b1,b6c5,f4g5,f7g6,d6e7,c5f2 (completed)
[2025-08-03T19:24:17.391021] g1h3,e7e5,h3g1,d8f6,g1h3,d7d5,h3g1,f8c5,g1h3,c8h3,f2f3,h3g4,b1c3,e5e4,c3d5,g4f3,d5f6,g8f6,g2f3,e4f3,e2f3,b8c6,f1b5,e8g8,b5c4,f8e8,e1f1,c6e5,d1e2,e5f3,e2f3,e8e4,c4b5,c7c6,b5d3,e4d4,f3f5,a8e8,f5c5,d4d5,d3h7,g8h7,c5a7,f6e4,a7b7,e4d2,c1d2,d5d2,b7f7,e8e2,f7h5,h7g8,h5c5,e2e1,f1e1,d2e2,e1e2,g7g6,c5d6 (incomplete)
>>>>>>> origin/main
